<?xml version="1.0" encoding="UTF-8"?>
<!-- Generated by org.testng.reporters.JUnitXMLReporter -->
<testsuite hostname="LAPTOP-U82EF2BK" name="Validating navigation Bar" tests="1" failures="0" timestamp="28 Sep 2021 08:18:59 GMT" time="2.04" errors="0">
  <testcase name="@BeforeTest initialize" time="0.0" classname="Academy.validateNavigationBar">
    <failure type="org.openqa.selenium.SessionNotCreatedException" message="session not created: This version of ChromeDriver only supports Chrome version 91
Current browser version is 93.0.4577.82 with binary path C:\Program Files (x86)\Google\Chrome\Application\chrome.exe
Build info: version: &amp;apos;3.141.59&amp;apos;, revision: &amp;apos;e82be7d358&amp;apos;, time: &amp;apos;2018-11-14T08:17:03&amp;apos;
System info: host: &amp;apos;LAPTOP-U82EF2BK&amp;apos;, ip: &amp;apos;192.168.1.4&amp;apos;, os.name: &amp;apos;Windows 10&amp;apos;, os.arch: &amp;apos;amd64&amp;apos;, os.version: &amp;apos;10.0&amp;apos;, java.version: &amp;apos;1.8.0_251&amp;apos;
Driver info: driver.version: ChromeDriver
remote stacktrace: Backtrace:
	Ordinal0 [0x009D3733+2504499]
	Ordinal0 [0x0096C401+2081793]
	Ordinal0 [0x00872628+1058344]
	Ordinal0 [0x0089071A+1181466]
	Ordinal0 [0x0088C58C+1164684]
	Ordinal0 [0x00889DC3+1154499]
	Ordinal0 [0x008B9B82+1350530]
	Ordinal0 [0x008B97DA+1349594]
	Ordinal0 [0x008B5D4B+1334603]
	Ordinal0 [0x008922B4+1188532]
	Ordinal0 [0x00893149+1192265]
	GetHandleVerifier [0x00B4FB8C+1512252]
	GetHandleVerifier [0x00BFB0DF+2214031]
	GetHandleVerifier [0x00A54BC3+484211]
	GetHandleVerifier [0x00A53E69+480793]
	Ordinal0 [0x0097218D+2105741]
	Ordinal0 [0x009766E8+2123496]
	Ordinal0 [0x00976827+2123815]
	Ordinal0 [0x0097FB73+2161523]
	BaseThreadInitThunk [0x773EFA29+25]
	RtlGetAppContainerNamedObjectPath [0x77537A9E+286]
	RtlGetAppContainerNamedObjectPath [0x77537A6E+238]
">
      <![CDATA[org.openqa.selenium.SessionNotCreatedException: session not created: This version of ChromeDriver only supports Chrome version 91
Current browser version is 93.0.4577.82 with binary path C:\Program Files (x86)\Google\Chrome\Application\chrome.exe
Build info: version: '3.141.59', revision: 'e82be7d358', time: '2018-11-14T08:17:03'
System info: host: 'LAPTOP-U82EF2BK', ip: '192.168.1.4', os.name: 'Windows 10', os.arch: 'amd64', os.version: '10.0', java.version: '1.8.0_251'
Driver info: driver.version: ChromeDriver
remote stacktrace: Backtrace:
	Ordinal0 [0x009D3733+2504499]
	Ordinal0 [0x0096C401+2081793]
	Ordinal0 [0x00872628+1058344]
	Ordinal0 [0x0089071A+1181466]
	Ordinal0 [0x0088C58C+1164684]
	Ordinal0 [0x00889DC3+1154499]
	Ordinal0 [0x008B9B82+1350530]
	Ordinal0 [0x008B97DA+1349594]
	Ordinal0 [0x008B5D4B+1334603]
	Ordinal0 [0x008922B4+1188532]
	Ordinal0 [0x00893149+1192265]
	GetHandleVerifier [0x00B4FB8C+1512252]
	GetHandleVerifier [0x00BFB0DF+2214031]
	GetHandleVerifier [0x00A54BC3+484211]
	GetHandleVerifier [0x00A53E69+480793]
	Ordinal0 [0x0097218D+2105741]
	Ordinal0 [0x009766E8+2123496]
	Ordinal0 [0x00976827+2123815]
	Ordinal0 [0x0097FB73+2161523]
	BaseThreadInitThunk [0x773EFA29+25]
	RtlGetAppContainerNamedObjectPath [0x77537A9E+286]
	RtlGetAppContainerNamedObjectPath [0x77537A6E+238]

	at org.openqa.selenium.remote.W3CHandshakeResponse.lambda$errorHandler$0(W3CHandshakeResponse.java:62)
	at org.openqa.selenium.remote.HandshakeResponse.lambda$getResponseFunction$0(HandshakeResponse.java:30)
	at org.openqa.selenium.remote.ProtocolHandshake.lambda$createSession$0(ProtocolHandshake.java:126)
	at java.util.stream.ReferencePipeline$3$1.accept(ReferencePipeline.java:193)
	at java.util.Spliterators$ArraySpliterator.tryAdvance(Spliterators.java:958)
	at java.util.stream.ReferencePipeline.forEachWithCancel(ReferencePipeline.java:126)
	at java.util.stream.AbstractPipeline.copyIntoWithCancel(AbstractPipeline.java:499)
	at java.util.stream.AbstractPipeline.copyInto(AbstractPipeline.java:486)
	at java.util.stream.AbstractPipeline.wrapAndCopyInto(AbstractPipeline.java:472)
	at java.util.stream.FindOps$FindOp.evaluateSequential(FindOps.java:152)
	at java.util.stream.AbstractPipeline.evaluate(AbstractPipeline.java:234)
	at java.util.stream.ReferencePipeline.findFirst(ReferencePipeline.java:464)
	at org.openqa.selenium.remote.ProtocolHandshake.createSession(ProtocolHandshake.java:128)
	at org.openqa.selenium.remote.ProtocolHandshake.createSession(ProtocolHandshake.java:74)
	at org.openqa.selenium.remote.HttpCommandExecutor.execute(HttpCommandExecutor.java:136)
	at org.openqa.selenium.remote.service.DriverCommandExecutor.execute(DriverCommandExecutor.java:83)
	at org.openqa.selenium.remote.RemoteWebDriver.execute(RemoteWebDriver.java:552)
	at org.openqa.selenium.remote.RemoteWebDriver.startSession(RemoteWebDriver.java:213)
	at org.openqa.selenium.remote.RemoteWebDriver.<init>(RemoteWebDriver.java:131)
	at org.openqa.selenium.chrome.ChromeDriver.<init>(ChromeDriver.java:181)
	at org.openqa.selenium.chrome.ChromeDriver.<init>(ChromeDriver.java:168)
	at org.openqa.selenium.chrome.ChromeDriver.<init>(ChromeDriver.java:123)
	at resources.base.initializeDriver(base.java:32)
	at Academy.validateNavigationBar.initialize(validateNavigationBar.java:32)
	at org.apache.maven.surefire.testng.TestNGExecutor.run(TestNGExecutor.java:283)
	at org.apache.maven.surefire.testng.TestNGXmlTestSuite.execute(TestNGXmlTestSuite.java:75)
	at org.apache.maven.surefire.testng.TestNGProvider.invoke(TestNGProvider.java:120)
	at org.apache.maven.surefire.booter.ForkedBooter.invokeProviderInSameClassLoader(ForkedBooter.java:386)
	at org.apache.maven.surefire.booter.ForkedBooter.runSuitesInProcess(ForkedBooter.java:323)
	at org.apache.maven.surefire.booter.ForkedBooter.main(ForkedBooter.java:143)
... Removed 23 stack frames]]>
    </failure>
  </testcase> <!-- @BeforeTest initialize -->
  <testcase name="@AfterTest teardown" time="0.0" classname="Academy.validateNavigationBar">
    <skipped/>
  </testcase> <!-- @AfterTest teardown -->
  <testcase name="validateAppNavBar" time="0.0" classname="Academy.validateNavigationBar">
    <skipped/>
  </testcase> <!-- validateAppNavBar -->
</testsuite> <!-- Validating navigation Bar -->
